{"numTotalTestSuites":4,"numPassedTestSuites":4,"numFailedTestSuites":0,"numPendingTestSuites":0,"numTotalTests":8,"numPassedTests":8,"numFailedTests":0,"numPendingTests":0,"numTodoTests":0,"snapshot":{"added":0,"failure":false,"filesAdded":0,"filesRemoved":0,"filesRemovedList":[],"filesUnmatched":0,"filesUpdated":0,"matched":0,"total":0,"unchecked":0,"uncheckedKeysByFile":[],"unmatched":0,"updated":0,"didUpdate":false},"startTime":1783018799710,"success":true,"testResults":[{"assertionResults":[{"ancestorTitles":[],"fullName":"M-CHK-001 | Add to cart updates badge number","status":"passed","title":"M-CHK-001 | Add to cart updates badge number","duration":3137.9774,"failureMessages":[],"meta":{},"tags":[]},{"ancestorTitles":[],"fullName":"M-CHK-002 | Full checkout flow completes successfully","status":"passed","title":"M-CHK-002 | Full checkout flow completes successfully","duration":2865.5978000000005,"failureMessages":[],"meta":{},"tags":[]}],"startTime":1783018799937,"endTime":1783018805941.598,"status":"passed","message":"","name":"P:/node/kfc-qa-dashboard/tests/sauce-demo/checkout.spec.ts"},{"assertionResults":[{"ancestorTitles":[],"fullName":"M-INV-001 | Inventory page displays 6 products","status":"passed","title":"M-INV-001 | Inventory page displays 6 products","duration":2678.5062000000003,"failureMessages":[],"meta":{},"tags":[]},{"ancestorTitles":[],"fullName":"M-INV-002 | Sort by price low to high returns ascending order","status":"passed","title":"M-INV-002 | Sort by price low to high returns ascending order","duration":2817.5117999999998,"failureMessages":[],"meta":{},"tags":[]}],"startTime":1783018799938,"endTime":1783018805433.5117,"status":"passed","message":"","name":"P:/node/kfc-qa-dashboard/tests/sauce-demo/inventory.spec.ts"},{"assertionResults":[{"ancestorTitles":[],"fullName":"M-LOG-001 | Standard user login redirects to product page","status":"passed","title":"M-LOG-001 | Standard user login redirects to product page","duration":2579.7952,"failureMessages":[],"meta":{},"tags":[]},{"ancestorTitles":[],"fullName":"M-LOG-002 | Locked-out user shows correct error message","status":"passed","title":"M-LOG-002 | Locked-out user shows correct error message","duration":2503.2584,"failureMessages":[],"meta":{},"tags":[]},{"ancestorTitles":[],"fullName":"M-LOG-003 | Wrong password shows generic error without leaking account existence","status":"passed","title":"M-LOG-003 | Wrong password shows generic error without leaking account existence","duration":1787.9813000000004,"failureMessages":[],"meta":{},"tags":[]}],"startTime":1783018799937,"endTime":1783018806807.9812,"status":"passed","message":"","name":"P:/node/kfc-qa-dashboard/tests/sauce-demo/login.spec.ts"},{"assertionResults":[{"ancestorTitles":[],"fullName":"M-NAV-001 | Mobile menu opens and displays navigation items","status":"passed","title":"M-NAV-001 | Mobile menu opens and displays navigation items","duration":3614.4864,"failureMessages":[],"meta":{},"tags":[]}],"startTime":1783018799937,"endTime":1783018803551.4863,"status":"passed","message":"","name":"P:/node/kfc-qa-dashboard/tests/sauce-demo/navigation.spec.ts"}]}