{"numTotalTestSuites":4,"numPassedTestSuites":4,"numFailedTestSuites":0,"numPendingTestSuites":0,"numTotalTests":8,"numPassedTests":8,"numFailedTests":0,"numPendingTests":0,"numTodoTests":0,"snapshot":{"added":0,"failure":false,"filesAdded":0,"filesRemoved":0,"filesRemovedList":[],"filesUnmatched":0,"filesUpdated":0,"matched":0,"total":0,"unchecked":0,"uncheckedKeysByFile":[],"unmatched":0,"updated":0,"didUpdate":false},"startTime":1783018671943,"success":true,"testResults":[{"assertionResults":[{"ancestorTitles":[],"fullName":"M-CHK-001 | Add to cart updates badge number","status":"passed","title":"M-CHK-001 | Add to cart updates badge number","duration":2922.6858,"failureMessages":[],"meta":{},"tags":[]},{"ancestorTitles":[],"fullName":"M-CHK-002 | Full checkout flow completes successfully","status":"passed","title":"M-CHK-002 | Full checkout flow completes successfully","duration":3086.8556,"failureMessages":[],"meta":{},"tags":[]}],"startTime":1783018672186,"endTime":1783018678195.8557,"status":"passed","message":"","name":"P:/node/kfc-qa-dashboard/tests/sauce-demo/checkout.spec.ts"},{"assertionResults":[{"ancestorTitles":[],"fullName":"M-INV-001 | Inventory page displays 6 products","status":"passed","title":"M-INV-001 | Inventory page displays 6 products","duration":2775.9213999999997,"failureMessages":[],"meta":{},"tags":[]},{"ancestorTitles":[],"fullName":"M-INV-002 | Sort by price low to high returns ascending order","status":"passed","title":"M-INV-002 | Sort by price low to high returns ascending order","duration":2733.2994,"failureMessages":[],"meta":{},"tags":[]}],"startTime":1783018672186,"endTime":1783018677695.2993,"status":"passed","message":"","name":"P:/node/kfc-qa-dashboard/tests/sauce-demo/inventory.spec.ts"},{"assertionResults":[{"ancestorTitles":[],"fullName":"M-LOG-001 | Standard user login redirects to product page","status":"passed","title":"M-LOG-001 | Standard user login redirects to product page","duration":2805.0713,"failureMessages":[],"meta":{},"tags":[]},{"ancestorTitles":[],"fullName":"M-LOG-002 | Locked-out user shows correct error message","status":"passed","title":"M-LOG-002 | Locked-out user shows correct error message","duration":2292.2323999999994,"failureMessages":[],"meta":{},"tags":[]},{"ancestorTitles":[],"fullName":"M-LOG-003 | Wrong password shows generic error without leaking account existence","status":"passed","title":"M-LOG-003 | Wrong password shows generic error without leaking account existence","duration":1713.2998000000007,"failureMessages":[],"meta":{},"tags":[]}],"startTime":1783018672185,"endTime":1783018678996.2998,"status":"passed","message":"","name":"P:/node/kfc-qa-dashboard/tests/sauce-demo/login.spec.ts"},{"assertionResults":[{"ancestorTitles":[],"fullName":"M-NAV-001 | Mobile menu opens and displays navigation items","status":"passed","title":"M-NAV-001 | Mobile menu opens and displays navigation items","duration":4125.889,"failureMessages":[],"meta":{},"tags":[]}],"startTime":1783018672185,"endTime":1783018676310.889,"status":"passed","message":"","name":"P:/node/kfc-qa-dashboard/tests/sauce-demo/navigation.spec.ts"}]}