{"numTotalTestSuites":4,"numPassedTestSuites":3,"numFailedTestSuites":1,"numPendingTestSuites":0,"numTotalTests":8,"numPassedTests":7,"numFailedTests":1,"numPendingTests":0,"numTodoTests":0,"snapshot":{"added":0,"failure":false,"filesAdded":0,"filesRemoved":0,"filesRemovedList":[],"filesUnmatched":0,"filesUpdated":0,"matched":0,"total":0,"unchecked":0,"uncheckedKeysByFile":[],"unmatched":0,"updated":0,"didUpdate":false},"startTime":1783020770196,"success":false,"testResults":[{"assertionResults":[{"ancestorTitles":[],"fullName":"M-CHK-001 | Add to cart updates badge number","status":"passed","title":"M-CHK-001 | Add to cart updates badge number","duration":3338.4189,"failureMessages":[],"meta":{},"tags":[]},{"ancestorTitles":[],"fullName":"M-CHK-002 | Full checkout flow completes successfully","status":"passed","title":"M-CHK-002 | Full checkout flow completes successfully","duration":3578.2533,"failureMessages":[],"meta":{},"tags":[]}],"startTime":1783020770451,"endTime":1783020777368.2534,"status":"passed","message":"","name":"P:/node/kfc-qa-dashboard/tests/sauce-demo/checkout.spec.ts"},{"assertionResults":[{"ancestorTitles":[],"fullName":"M-INV-001 | Inventory page displays 6 products","status":"passed","title":"M-INV-001 | Inventory page displays 6 products","duration":3182.4301,"failureMessages":[],"meta":{},"tags":[]},{"ancestorTitles":[],"fullName":"M-INV-002 | Sort by price low to high returns ascending order","status":"passed","title":"M-INV-002 | Sort by price low to high returns ascending order","duration":3098.8490000000006,"failureMessages":[],"meta":{},"tags":[]}],"startTime":1783020770452,"endTime":1783020776732.849,"status":"passed","message":"","name":"P:/node/kfc-qa-dashboard/tests/sauce-demo/inventory.spec.ts"},{"assertionResults":[{"ancestorTitles":[],"fullName":"M-LOG-001 | Standard user login redirects to product page","status":"failed","title":"M-LOG-001 | Standard user login redirects to product page","duration":3294.4812,"failureMessages":["AssertionError: expected 'https://www.saucedemo.com/' to contain '/inventory.html'\n    at P:/node/kfc-qa-dashboard/tests/sauce-demo/login.spec.ts:17:15\n    at processTicksAndRejections (node:internal/process/task_queues:104:5)\n    at file:///P:/node/kfc-qa-dashboard/node_modules/.pnpm/@vitest+runner@4.1.9/node_modules/@vitest/runner/dist/chunk-artifact.js:1903:20"],"meta":{},"tags":[]},{"ancestorTitles":[],"fullName":"M-LOG-002 | Locked-out user shows correct error message","status":"passed","title":"M-LOG-002 | Locked-out user shows correct error message","duration":2479.6651,"failureMessages":[],"meta":{},"tags":[]},{"ancestorTitles":[],"fullName":"M-LOG-003 | Wrong password shows generic error without leaking account existence","status":"passed","title":"M-LOG-003 | Wrong password shows generic error without leaking account existence","duration":1860.9889000000003,"failureMessages":[],"meta":{},"tags":[]}],"startTime":1783020770450,"endTime":1783020778085.989,"status":"failed","message":"","name":"P:/node/kfc-qa-dashboard/tests/sauce-demo/login.spec.ts"},{"assertionResults":[{"ancestorTitles":[],"fullName":"M-NAV-001 | Mobile menu opens and displays navigation items","status":"passed","title":"M-NAV-001 | Mobile menu opens and displays navigation items","duration":4232.5768,"failureMessages":[],"meta":{},"tags":[]}],"startTime":1783020770456,"endTime":1783020774688.577,"status":"passed","message":"","name":"P:/node/kfc-qa-dashboard/tests/sauce-demo/navigation.spec.ts"}]}