{"numTotalTestSuites":4,"numPassedTestSuites":4,"numFailedTestSuites":0,"numPendingTestSuites":0,"numTotalTests":8,"numPassedTests":8,"numFailedTests":0,"numPendingTests":0,"numTodoTests":0,"snapshot":{"added":0,"failure":false,"filesAdded":0,"filesRemoved":0,"filesRemovedList":[],"filesUnmatched":0,"filesUpdated":0,"matched":0,"total":0,"unchecked":0,"uncheckedKeysByFile":[],"unmatched":0,"updated":0,"didUpdate":false},"startTime":1783019083902,"success":true,"testResults":[{"assertionResults":[{"ancestorTitles":[],"fullName":"M-CHK-001 | Add to cart updates badge number","status":"passed","title":"M-CHK-001 | Add to cart updates badge number","duration":2726.3015,"failureMessages":[],"meta":{},"tags":[]},{"ancestorTitles":[],"fullName":"M-CHK-002 | Full checkout flow completes successfully","status":"passed","title":"M-CHK-002 | Full checkout flow completes successfully","duration":2953.3527,"failureMessages":[],"meta":{},"tags":[]}],"startTime":1783019084123,"endTime":1783019089802.3528,"status":"passed","message":"","name":"P:/node/kfc-qa-dashboard/tests/sauce-demo/checkout.spec.ts"},{"assertionResults":[{"ancestorTitles":[],"fullName":"M-INV-001 | Inventory page displays 6 products","status":"passed","title":"M-INV-001 | Inventory page displays 6 products","duration":2616.2591,"failureMessages":[],"meta":{},"tags":[]},{"ancestorTitles":[],"fullName":"M-INV-002 | Sort by price low to high returns ascending order","status":"passed","title":"M-INV-002 | Sort by price low to high returns ascending order","duration":2663.9361000000004,"failureMessages":[],"meta":{},"tags":[]}],"startTime":1783019084123,"endTime":1783019089402.936,"status":"passed","message":"","name":"P:/node/kfc-qa-dashboard/tests/sauce-demo/inventory.spec.ts"},{"assertionResults":[{"ancestorTitles":[],"fullName":"M-LOG-001 | Standard user login redirects to product page","status":"passed","title":"M-LOG-001 | Standard user login redirects to product page","duration":2483.5649,"failureMessages":[],"meta":{},"tags":[]},{"ancestorTitles":[],"fullName":"M-LOG-002 | Locked-out user shows correct error message","status":"passed","title":"M-LOG-002 | Locked-out user shows correct error message","duration":2302.0026000000003,"failureMessages":[],"meta":{},"tags":[]},{"ancestorTitles":[],"fullName":"M-LOG-003 | Wrong password shows generic error without leaking account existence","status":"passed","title":"M-LOG-003 | Wrong password shows generic error without leaking account existence","duration":1688.7214999999997,"failureMessages":[],"meta":{},"tags":[]}],"startTime":1783019084123,"endTime":1783019090597.7214,"status":"passed","message":"","name":"P:/node/kfc-qa-dashboard/tests/sauce-demo/login.spec.ts"},{"assertionResults":[{"ancestorTitles":[],"fullName":"M-NAV-001 | Mobile menu opens and displays navigation items","status":"passed","title":"M-NAV-001 | Mobile menu opens and displays navigation items","duration":3448.7021999999997,"failureMessages":[],"meta":{},"tags":[]}],"startTime":1783019084122,"endTime":1783019087570.7021,"status":"passed","message":"","name":"P:/node/kfc-qa-dashboard/tests/sauce-demo/navigation.spec.ts"}]}